<?xml version="1.0" encoding="UTF-8"?>
<?xml-stylesheet type="text/xsl" href="ivy-report.xsl"?>
<ivy-report version="1.0">
	<info
		organisation="test"
		module="test_2.11"
		revision="1.0"
		conf="test"
		confs="compile, runtime, test, provided, optional, compile-internal, runtime-internal, test-internal, plugin, sources, docs, pom, scala-tool"
		date="20150704115249"/>
	<dependencies>
		<module organisation="org.scalatest" name="scalatest_2.10">
			<revision name="2.1.0" status="release" pubdate="20140302063430" resolver="public" artresolver="public" homepage="http://www.scalatest.org" downloaded="true" searched="true" default="false" conf="default, compile, runtime, default(compile), master" position="1">
				<license name="the Apache License, ASL Version 2.0" url="http://www.apache.org/licenses/LICENSE-2.0"/>
				<metadata-artifact status="successful" details="" size="7155" time="2430" location="/Volumes/ProdigyRaiderPRO2/Users/macgeekalex/.ivy2/cache/org.scalatest/scalatest_2.10/ivy-2.1.0.xml" searched="true" original-local-location="/Volumes/ProdigyRaiderPRO2/Users/macgeekalex/.ivy2/cache/org.scalatest/scalatest_2.10/ivy-2.1.0.xml.original" origin-is-local="false" origin-location="https://repo1.maven.org/maven2/org/scalatest/scalatest_2.10/2.1.0/scalatest_2.10-2.1.0.pom"/>
				<caller organisation="test" name="test_2.11" conf="test, compile, runtime" rev="2.1.0" rev-constraint-default="2.1.0" rev-constraint-dynamic="2.1.0" callerrev="1.0"/>
				<artifacts>
					<artifact name="scalatest_2.10" type="jar" ext="jar" status="successful" details="" size="7195811" time="110718" location="/Volumes/ProdigyRaiderPRO2/Users/macgeekalex/.ivy2/cache/org.scalatest/scalatest_2.10/jars/scalatest_2.10-2.1.0.jar">
						<origin-location is-local="false" location="https://repo1.maven.org/maven2/org/scalatest/scalatest_2.10/2.1.0/scalatest_2.10-2.1.0.jar"/>
					</artifact>
				</artifacts>
			</revision>
		</module>
		<module organisation="org.scala-lang" name="scala-reflect">
			<revision name="2.10.3" status="release" pubdate="20130927174529" resolver="public" artresolver="public" homepage="http://www.scala-lang.org/" extra-info.apiURL="http://www.scala-lang.org/api/2.10.3/" downloaded="true" searched="true" default="false" conf="compile, runtime(*), master(compile), runtime, compile(*), master" position="2">
				<license name="BSD-like" url="http://www.scala-lang.org/downloads/license.html
			"/>
				<metadata-artifact status="successful" details="" size="1941" time="1146" location="/Volumes/ProdigyRaiderPRO2/Users/macgeekalex/.ivy2/cache/org.scala-lang/scala-reflect/ivy-2.10.3.xml" searched="true" original-local-location="/Volumes/ProdigyRaiderPRO2/Users/macgeekalex/.ivy2/cache/org.scala-lang/scala-reflect/ivy-2.10.3.xml.original" origin-is-local="false" origin-location="https://repo1.maven.org/maven2/org/scala-lang/scala-reflect/2.10.3/scala-reflect-2.10.3.pom"/>
				<caller organisation="org.scalatest" name="scalatest_2.10" conf="default, compile, runtime, master" rev="2.10.3" rev-constraint-default="2.10.3" rev-constraint-dynamic="2.10.3" callerrev="2.1.0"/>
				<artifacts>
					<artifact name="scala-reflect" type="jar" ext="jar" status="successful" details="" size="3206936" time="27474" location="/Volumes/ProdigyRaiderPRO2/Users/macgeekalex/.ivy2/cache/org.scala-lang/scala-reflect/jars/scala-reflect-2.10.3.jar">
						<origin-location is-local="false" location="https://repo1.maven.org/maven2/org/scala-lang/scala-reflect/2.10.3/scala-reflect-2.10.3.jar"/>
					</artifact>
				</artifacts>
			</revision>
		</module>
		<module organisation="org.scala-lang" name="scala-library">
			<revision name="2.11.7" status="release" pubdate="20150623041702" resolver="sbt-chain" artresolver="sbt-chain" homepage="http://www.scala-lang.org/" extra-info.apiURL="http://www.scala-lang.org/api/2.11.7/" downloaded="false" searched="false" default="false" conf="default, compile, runtime, default(compile), master, runtime(*), master(compile), compile(*)" position="0">
				<license name="BSD 3-Clause" url="http://www.scala-lang.org/license.html"/>
				<metadata-artifact status="no" details="" size="2653" time="0" location="/Volumes/ProdigyRaiderPRO2/Users/macgeekalex/.ivy2/cache/org.scala-lang/scala-library/ivy-2.11.7.xml" searched="false" origin-is-local="false" origin-location="https://repo1.maven.org/maven2/org/scala-lang/scala-library/2.11.7/scala-library-2.11.7.pom"/>
				<caller organisation="org.scalatest" name="scalatest_2.10" conf="default, compile, runtime, master" rev="2.10.3" rev-constraint-default="2.10.3" rev-constraint-dynamic="2.10.3" callerrev="2.1.0"/>
				<caller organisation="org.scala-lang" name="scala-reflect" conf="compile, runtime" rev="2.10.3" rev-constraint-default="2.10.3" rev-constraint-dynamic="2.10.3" callerrev="2.10.3"/>
				<caller organisation="test" name="test_2.11" conf="test, compile, runtime" rev="2.11.7" rev-constraint-default="2.11.7" rev-constraint-dynamic="2.11.7" callerrev="1.0"/>
				<artifacts>
					<artifact name="scala-library" type="jar" ext="jar" status="no" details="" size="5745606" time="0" location="/Volumes/ProdigyRaiderPRO2/Users/macgeekalex/.ivy2/cache/org.scala-lang/scala-library/jars/scala-library-2.11.7.jar">
						<origin-location is-local="false" location="https://repo1.maven.org/maven2/org/scala-lang/scala-library/2.11.7/scala-library-2.11.7.jar"/>
					</artifact>
				</artifacts>
			</revision>
			<revision name="2.10.3" evicted="latest-revision" evicted-reason="" downloaded="false" searched="false" conf="compile, runtime(*), master(compile), runtime, compile(*), master, default, default(compile)" position="-1">
				<evicted-by rev="2.11.7"/>
				<caller organisation="org.scalatest" name="scalatest_2.10" conf="default, compile, runtime, master" rev="2.10.3" rev-constraint-default="2.10.3" rev-constraint-dynamic="2.10.3" callerrev="2.1.0"/>
				<caller organisation="org.scala-lang" name="scala-reflect" conf="compile, runtime" rev="2.10.3" rev-constraint-default="2.10.3" rev-constraint-dynamic="2.10.3" callerrev="2.10.3"/>
				<caller organisation="test" name="test_2.11" conf="test, compile, runtime" rev="2.11.7" rev-constraint-default="2.11.7" rev-constraint-dynamic="2.11.7" callerrev="1.0"/>
				<artifacts>
				</artifacts>
			</revision>
		</module>
	</dependencies>
</ivy-report>
